<?xml version="1.0" encoding="UTF-8"?>
<!-- Generated by org.testng.reporters.JUnitReportReporter -->
<testsuite hostname="DESKTOP-MPS37BD" failures="0" tests="6" name="com.amazon.qa.testcases.LoginTest" time="38.082" errors="0" timestamp="2025-02-12T09:27:44 IST" skipped="0">
  <testcase classname="com.amazon.qa.testcases.LoginTest" name="Verifyloginwithvalidcredentials" time="6.286"/>
  <system-out/>
  <testcase classname="com.amazon.qa.testcases.LoginTest" name="Verifyloginwithvalidcredentials" time="6.516"/>
  <system-out/>
  <testcase classname="com.amazon.qa.testcases.LoginTest" name="VerifyloginwithInvalidcredentials" time="5.447"/>
  <system-out/>
  <testcase classname="com.amazon.qa.testcases.LoginTest" name="VerifyloginwithInvalidemailandvalidpass" time="10.107"/>
  <system-out/>
  <testcase classname="com.amazon.qa.testcases.LoginTest" name="VerifyloginwithvalidemailandInvalidpass" time="5.178"/>
  <system-out/>
  <testcase classname="com.amazon.qa.testcases.LoginTest" name="Verifyloginwithnocrdentials" time="4.548"/>
  <system-out/>
</testsuite> <!-- com.amazon.qa.testcases.LoginTest -->
