<?xml version="1.0" encoding="UTF-8"?>
<!-- Generated by org.testng.reporters.JUnitReportReporter -->
<testsuite hostname="DESKTOP-MPS37BD" failures="0" tests="4" name="com.amazon.qa.testcases.RegisterTest" time="32.327" errors="0" timestamp="2025-02-12T09:27:44 IST" skipped="0">
  <testcase classname="com.amazon.qa.testcases.RegisterTest" name="verifyregisteringmandatoryfields" time="7.038"/>
  <system-out/>
  <testcase classname="com.amazon.qa.testcases.RegisterTest" name="verifyregisteringwithallfields" time="7.547"/>
  <system-out/>
  <testcase classname="com.amazon.qa.testcases.RegisterTest" name="verifyregisteringexistingemailid" time="6.320"/>
  <system-out/>
  <testcase classname="com.amazon.qa.testcases.RegisterTest" name="verifyregesteringwithnofields" time="11.422"/>
  <system-out/>
</testsuite> <!-- com.amazon.qa.testcases.RegisterTest -->
