<?xml version="1.0" encoding="UTF-8"?>
<!-- Generated by org.testng.reporters.JUnitReportReporter -->
<testsuite hostname="seroiwvdec54487" failures="0" tests="6" name="com.amazon.qa.testcases.LoginTest" time="39.166" errors="0" timestamp="2025-06-23T15:54:23 IST" skipped="0">
  <testcase classname="com.amazon.qa.testcases.LoginTest" name="Verifyloginwithvalidcredentials" time="7.291"/>
  <testcase classname="com.amazon.qa.testcases.LoginTest" name="Verifyloginwithvalidcredentials" time="6.646"/>
  <testcase classname="com.amazon.qa.testcases.LoginTest" name="VerifyloginwithInvalidcredentials" time="6.974"/>
  <testcase classname="com.amazon.qa.testcases.LoginTest" name="VerifyloginwithInvalidemailandvalidpass" time="6.356"/>
  <testcase classname="com.amazon.qa.testcases.LoginTest" name="VerifyloginwithvalidemailandInvalidpass" time="6.274"/>
  <testcase classname="com.amazon.qa.testcases.LoginTest" name="Verifyloginwithnocrdentials" time="5.625"/>
</testsuite> <!-- com.amazon.qa.testcases.LoginTest -->
