<?xml version="1.0" encoding="UTF-8"?>
<!-- Generated by org.testng.reporters.JUnitReportReporter -->
<testsuite hostname="DESKTOP-MPS37BD" failures="0" tests="6" name="com.amazon.qa.testcases.LoginTest" time="40.933" errors="0" timestamp="2025-02-13T11:24:05 IST" skipped="0">
  <testcase classname="com.amazon.qa.testcases.LoginTest" name="Verifyloginwithvalidcredentials" time="7.666"/>
  <testcase classname="com.amazon.qa.testcases.LoginTest" name="Verifyloginwithvalidcredentials" time="7.193"/>
  <testcase classname="com.amazon.qa.testcases.LoginTest" name="VerifyloginwithInvalidcredentials" time="6.924"/>
  <testcase classname="com.amazon.qa.testcases.LoginTest" name="VerifyloginwithInvalidemailandvalidpass" time="7.213"/>
  <testcase classname="com.amazon.qa.testcases.LoginTest" name="VerifyloginwithvalidemailandInvalidpass" time="5.995"/>
  <testcase classname="com.amazon.qa.testcases.LoginTest" name="Verifyloginwithnocrdentials" time="5.942"/>
</testsuite> <!-- com.amazon.qa.testcases.LoginTest -->
