<?xml version="1.0" encoding="UTF-8"?>
<!-- Generated by org.testng.reporters.JUnitReportReporter -->
<testsuite hostname="DESKTOP-MPS37BD" failures="0" tests="4" name="com.amazon.qa.testcases.RegisterTest" time="41.027" errors="0" timestamp="2025-02-13T11:24:05 IST" skipped="0">
  <testcase classname="com.amazon.qa.testcases.RegisterTest" name="verifyregisteringmandatoryfields" time="15.443"/>
  <testcase classname="com.amazon.qa.testcases.RegisterTest" name="verifyregisteringwithallfields" time="7.875"/>
  <testcase classname="com.amazon.qa.testcases.RegisterTest" name="verifyregisteringexistingemailid" time="8.007"/>
  <testcase classname="com.amazon.qa.testcases.RegisterTest" name="verifyregesteringwithnofields" time="9.702"/>
</testsuite> <!-- com.amazon.qa.testcases.RegisterTest -->
